<?xml version="1.0" encoding="UTF-8"?>
<!-- Generated by org.testng.reporters.JUnitXMLReporter -->
<testsuite ignored="0" hostname="LAPTOP-V48UUGBS" failures="1" tests="1" name="Amazon Test" time="30.619" errors="0" timestamp="15 Jan 2021 06:49:41 GMT">
  <testcase classname="com.amazon.testCases.TC_HomePageTest_001" name="homeTest" time="14.52">
    <failure type="java.lang.AssertionError" message="expected [true] but found [false]">
      <![CDATA[java.lang.AssertionError: expected [true] but found [false]
at com.amazon.testCases.TC_HomePageTest_001.homeTest(TC_HomePageTest_001.java:67)
... Removed 29 stack frames]]>
    </failure>
  </testcase> <!-- homeTest -->
</testsuite> <!-- Amazon Test -->
